<?xml version="1.0" encoding="UTF-8"?>
<testsuite xmlns:xsi="http://www.w3.org/2001/XMLSchema-instance" xsi:noNamespaceSchemaLocation="https://maven.apache.org/surefire/maven-surefire-plugin/xsd/surefire-test-report-3.0.xsd" version="3.0" name="TestSuite" time="16.843" tests="4" errors="0" skipped="0" failures="1">
  <properties>
[...]
</properties>
  <testcase name="baseNavigation" classname="Academy.Navigation" time="0.003">
    <system-err><![CDATA[Starting ChromeDriver 85.0.4183.87 (cd6713ebf92fa1cacSct0fa1rat5i9n8gd fC2h8r009o3maefD0rci5vder7 -8r5e.0.f4s1/8b3r.8a7n ch(c-d6h71e3eabdfs9/24f1a813c@a{c#c106f819a}5)9 8odnf p2o8r0t0 9332af304c65
dOn7l-y refls/obrcaanclh -choenandesc/t4i1o83n@s {a#r1e6 a8l9l}o)w eodn. p
oPrlte a21s76e5 s
Oenel yh ttpsl:oc/a/lc hcroonmnecetidonrs iavree alrl.ocwherdo.mi
uPml.eoarsge/ sseeceu rhitttyp-cso:n/s/icdherroamteidornisv efro.rc hsromiuum.gogregs/tsieocnsu roint yk-eceopnisnigd eCrhartoimoenDsr ifvoerr  ssuagfgee.s
tions on keeping ChromeDriver safe.
ChromeDriver was started successfully.
ChromeDriver was started successfully.
Starting ChromeDriver 85.0.4183.87 (cd6713ebf92fa1cacc0f1a598df280093af0c5d7-refs/branch-heads/4183@{#1689}) on port 29020
Only local connections are allowed.
Please see https://chromedriver.chromium.org/security-considerations for suggestions on keeping ChromeDriver safe.
ChromeDriver was started successfully.
[1605640173.178][WARNING]: This version of ChromeDriver has not been tested with Chrome version 86.
[1605640173.260][WARNING]: This version of ChromeDriver has not been tested with Chrome version 86.
[1605640173.373][WARNING]: This version of ChromeDriver has not been tested with Chrome version 86.
Nov 18, 2020 12:39:35 AM org.openqa.selenium.remote.ProtocolHandshake createSession
INFO: Detected dialect: W3C
Nov 18, 2020 12:39:35 AM org.openqa.selenium.remote.ProtocolHandshake createSession
INFO: Detected dialect: W3C
Nov 18, 2020 12:39:35 AM org.openqa.selenium.remote.ProtocolHandshake createSession
INFO: Detected dialect: W3C
]]></system-err>
  </testcase>
  <testcase name="baseNavigation" classname="Academy.Validation" time="0.337">
    <failure message="expected [FEATURED COURSES123] but found [FEATURED COURSES]" type="java.lang.AssertionError"><![CDATA[java.lang.AssertionError: expected [FEATURED COURSES123] but found [FEATURED COURSES]
	at Academy.Validation.baseNavigation(Validation.java:33)
]]></failure>
  </testcase>
  <testcase name="baseNavigation[randam@xyz.com, 1455778, Invalid ID](1)" classname="Academy.HomePage" time="0.813"/>
  <testcase name="baseNavigation[test@test.com, 1245454, Valid ID](2)" classname="Academy.HomePage" time="0.622"/>
</testsuite>