-------------------------------------------------------------------------------
Test set: TestSuite
-------------------------------------------------------------------------------
Tests run: 4, Failures: 1, Errors: 0, Skipped: 0, Time elapsed: 16.843 s <<< FAILURE! - in TestSuite
Academy.Validation.baseNavigation  Time elapsed: 0.337 s  <<< FAILURE!
java.lang.AssertionError: expected [FEATURED COURSES123] but found [FEATURED COURSES]
	at Academy.Validation.baseNavigation(Validation.java:33)

